<?xml version="1.0" encoding="UTF-8"?>
<!-- Generated by org.testng.reporters.JUnitReportReporter -->
<testsuite skipped="0" hostname="LAPTOP-P1V0BM9T" name="functionalSuite.signUp" tests="2" failures="0" timestamp="2023-01-03T15:01:52 IST" time="95.754" errors="0">
  <testcase name="signing" time="86.127" classname="functionalSuite.signUp"/>
  <system-out/>
  <testcase name="LandingPageVerification" time="9.627" classname="functionalSuite.signUp"/>
  <system-out/>
</testsuite> <!-- functionalSuite.signUp -->
